{"/Users/berkanberk/Desktop/crypto_wallet/src/config/constants.js": {"path":"/Users/berkanberk/Desktop/crypto_wallet/src/config/constants.js","statementMap":{"0":{"start":{"line":1,"column":0},"end":{"line":5,"column":4}}},"fnMap":{},"branchMap":{},"s":{"0":2},"f":{},"b":{},"_coverageSchema":"1a1c01bbd47fc00a2c39e90264f33305004495a9","hash":"149f7b4585be1a9456d785f7491a59e16cdac2c8"}
,"/Users/berkanberk/Desktop/crypto_wallet/src/services/alertService.js": {"path":"/Users/berkanberk/Desktop/crypto_wallet/src/services/alertService.js","statementMap":{"0":{"start":{"line":1,"column":15},"end":{"line":1,"column":41}},"1":{"start":{"line":2,"column":76},"end":{"line":2,"column":106}},"2":{"start":{"line":10,"column":4},"end":{"line":14,"column":5}},"3":{"start":{"line":11,"column":6},"end":{"line":11,"column":65}},"4":{"start":{"line":13,"column":6},"end":{"line":13,"column":18}},"5":{"start":{"line":15,"column":4},"end":{"line":15,"column":17}},"6":{"start":{"line":24,"column":4},"end":{"line":28,"column":5}},"7":{"start":{"line":25,"column":6},"end":{"line":25,"column":98}},"8":{"start":{"line":27,"column":6},"end":{"line":27,"column":18}},"9":{"start":{"line":29,"column":4},"end":{"line":29,"column":17}},"10":{"start":{"line":33,"column":0},"end":{"line":33,"column":30}}},"fnMap":{"0":{"name":"(anonymous_0)","decl":{"start":{"line":9,"column":2},"end":{"line":9,"column":3}},"loc":{"start":{"line":9,"column":36},"end":{"line":16,"column":3}},"line":9},"1":{"name":"(anonymous_1)","decl":{"start":{"line":23,"column":2},"end":{"line":23,"column":3}},"loc":{"start":{"line":23,"column":40},"end":{"line":30,"column":3}},"line":23}},"branchMap":{"0":{"loc":{"start":{"line":10,"column":4},"end":{"line":14,"column":5}},"type":"if","locations":[{"start":{"line":10,"column":4},"end":{"line":14,"column":5}},{"start":{},"end":{}}],"line":10},"1":{"loc":{"start":{"line":24,"column":4},"end":{"line":28,"column":5}},"type":"if","locations":[{"start":{"line":24,"column":4},"end":{"line":28,"column":5}},{"start":{},"end":{}}],"line":24}},"s":{"0":1,"1":1,"2":1,"3":0,"4":0,"5":1,"6":1,"7":0,"8":0,"9":1,"10":1},"f":{"0":1,"1":1},"b":{"0":[0,1],"1":[0,1]},"_coverageSchema":"1a1c01bbd47fc00a2c39e90264f33305004495a9","hash":"4cc064b87e782c469d49bce11955b726a85f109f"}
,"/Users/berkanberk/Desktop/crypto_wallet/src/services/blockchainService.js": {"path":"/Users/berkanberk/Desktop/crypto_wallet/src/services/blockchainService.js","statementMap":{"0":{"start":{"line":1,"column":14},"end":{"line":1,"column":30}},"1":{"start":{"line":5,"column":4},"end":{"line":5,"column":70}},"2":{"start":{"line":14,"column":35},"end":{"line":14,"column":46}},"3":{"start":{"line":15,"column":4},"end":{"line":25,"column":5}},"4":{"start":{"line":16,"column":28},"end":{"line":16,"column":67}},"5":{"start":{"line":17,"column":6},"end":{"line":20,"column":7}},"6":{"start":{"line":18,"column":8},"end":{"line":18,"column":66}},"7":{"start":{"line":19,"column":8},"end":{"line":19,"column":21}},"8":{"start":{"line":21,"column":6},"end":{"line":21,"column":18}},"9":{"start":{"line":23,"column":6},"end":{"line":23,"column":68}},"10":{"start":{"line":24,"column":6},"end":{"line":24,"column":19}},"11":{"start":{"line":34,"column":4},"end":{"line":40,"column":5}},"12":{"start":{"line":35,"column":23},"end":{"line":35,"column":97}},"13":{"start":{"line":36,"column":6},"end":{"line":36,"column":35}},"14":{"start":{"line":38,"column":6},"end":{"line":38,"column":69}},"15":{"start":{"line":39,"column":6},"end":{"line":39,"column":15}},"16":{"start":{"line":44,"column":0},"end":{"line":44,"column":35}}},"fnMap":{"0":{"name":"(anonymous_0)","decl":{"start":{"line":4,"column":2},"end":{"line":4,"column":3}},"loc":{"start":{"line":4,"column":16},"end":{"line":6,"column":3}},"line":4},"1":{"name":"(anonymous_1)","decl":{"start":{"line":13,"column":2},"end":{"line":13,"column":3}},"loc":{"start":{"line":13,"column":41},"end":{"line":26,"column":3}},"line":13},"2":{"name":"(anonymous_2)","decl":{"start":{"line":33,"column":2},"end":{"line":33,"column":3}},"loc":{"start":{"line":33,"column":40},"end":{"line":41,"column":3}},"line":33}},"branchMap":{"0":{"loc":{"start":{"line":17,"column":6},"end":{"line":20,"column":7}},"type":"if","locations":[{"start":{"line":17,"column":6},"end":{"line":20,"column":7}},{"start":{},"end":{}}],"line":17}},"s":{"0":2,"1":5,"2":5,"3":5,"4":5,"5":3,"6":2,"7":2,"8":1,"9":0,"10":0,"11":6,"12":6,"13":3,"14":1,"15":1,"16":2},"f":{"0":5,"1":5,"2":6},"b":{"0":[2,1]},"_coverageSchema":"1a1c01bbd47fc00a2c39e90264f33305004495a9","hash":"67f1d3a5381d3a97ae0423318ef328eddff197ac"}
,"/Users/berkanberk/Desktop/crypto_wallet/src/services/transactionService.js": {"path":"/Users/berkanberk/Desktop/crypto_wallet/src/services/transactionService.js","statementMap":{"0":{"start":{"line":1,"column":15},"end":{"line":1,"column":41}},"1":{"start":{"line":2,"column":26},"end":{"line":2,"column":56}},"2":{"start":{"line":3,"column":21},"end":{"line":3,"column":46}},"3":{"start":{"line":4,"column":22},"end":{"line":4,"column":48}},"4":{"start":{"line":8,"column":4},"end":{"line":8,"column":53}},"5":{"start":{"line":9,"column":4},"end":{"line":9,"column":43}},"6":{"start":{"line":10,"column":4},"end":{"line":10,"column":45}},"7":{"start":{"line":19,"column":4},"end":{"line":75,"column":5}},"8":{"start":{"line":20,"column":47},"end":{"line":20,"column":58}},"9":{"start":{"line":23,"column":22},"end":{"line":23,"column":77}},"10":{"start":{"line":24,"column":6},"end":{"line":27,"column":7}},"11":{"start":{"line":25,"column":8},"end":{"line":25,"column":75}},"12":{"start":{"line":26,"column":8},"end":{"line":26,"column":21}},"13":{"start":{"line":30,"column":25},"end":{"line":30,"column":71}},"14":{"start":{"line":31,"column":23},"end":{"line":31,"column":67}},"15":{"start":{"line":33,"column":6},"end":{"line":36,"column":7}},"16":{"start":{"line":34,"column":8},"end":{"line":34,"column":57}},"17":{"start":{"line":35,"column":8},"end":{"line":35,"column":21}},"18":{"start":{"line":39,"column":6},"end":{"line":42,"column":7}},"19":{"start":{"line":40,"column":8},"end":{"line":40,"column":68}},"20":{"start":{"line":41,"column":8},"end":{"line":41,"column":21}},"21":{"start":{"line":45,"column":6},"end":{"line":45,"column":35}},"22":{"start":{"line":46,"column":6},"end":{"line":46,"column":33}},"23":{"start":{"line":49,"column":24},"end":{"line":49,"column":48}},"24":{"start":{"line":50,"column":23},"end":{"line":55,"column":7}},"25":{"start":{"line":57,"column":6},"end":{"line":57,"column":45}},"26":{"start":{"line":58,"column":6},"end":{"line":58,"column":43}},"27":{"start":{"line":61,"column":6},"end":{"line":61,"column":68}},"28":{"start":{"line":62,"column":6},"end":{"line":62,"column":64}},"29":{"start":{"line":65,"column":6},"end":{"line":65,"column":58}},"30":{"start":{"line":66,"column":6},"end":{"line":66,"column":73}},"31":{"start":{"line":68,"column":6},"end":{"line":70,"column":8}},"32":{"start":{"line":71,"column":6},"end":{"line":71,"column":18}},"33":{"start":{"line":73,"column":6},"end":{"line":73,"column":69}},"34":{"start":{"line":74,"column":6},"end":{"line":74,"column":18}},"35":{"start":{"line":79,"column":0},"end":{"line":79,"column":36}}},"fnMap":{"0":{"name":"(anonymous_0)","decl":{"start":{"line":7,"column":2},"end":{"line":7,"column":3}},"loc":{"start":{"line":7,"column":16},"end":{"line":11,"column":3}},"line":7},"1":{"name":"(anonymous_1)","decl":{"start":{"line":18,"column":2},"end":{"line":18,"column":3}},"loc":{"start":{"line":18,"column":40},"end":{"line":76,"column":3}},"line":18}},"branchMap":{"0":{"loc":{"start":{"line":24,"column":6},"end":{"line":27,"column":7}},"type":"if","locations":[{"start":{"line":24,"column":6},"end":{"line":27,"column":7}},{"start":{},"end":{}}],"line":24},"1":{"loc":{"start":{"line":33,"column":6},"end":{"line":36,"column":7}},"type":"if","locations":[{"start":{"line":33,"column":6},"end":{"line":36,"column":7}},{"start":{},"end":{}}],"line":33},"2":{"loc":{"start":{"line":33,"column":10},"end":{"line":33,"column":34}},"type":"binary-expr","locations":[{"start":{"line":33,"column":10},"end":{"line":33,"column":21}},{"start":{"line":33,"column":25},"end":{"line":33,"column":34}}],"line":33},"3":{"loc":{"start":{"line":39,"column":6},"end":{"line":42,"column":7}},"type":"if","locations":[{"start":{"line":39,"column":6},"end":{"line":42,"column":7}},{"start":{},"end":{}}],"line":39}},"s":{"0":1,"1":1,"2":1,"3":1,"4":1,"5":1,"6":1,"7":2,"8":2,"9":2,"10":2,"11":0,"12":0,"13":2,"14":2,"15":2,"16":0,"17":0,"18":2,"19":1,"20":1,"21":1,"22":1,"23":1,"24":1,"25":1,"26":1,"27":1,"28":1,"29":1,"30":1,"31":1,"32":1,"33":0,"34":0,"35":1},"f":{"0":1,"1":2},"b":{"0":[0,2],"1":[0,2],"2":[2,2],"3":[1,1]},"_coverageSchema":"1a1c01bbd47fc00a2c39e90264f33305004495a9","hash":"fc4d5973a02d9ce2520f5973e91ebb5cece4f010"}
,"/Users/berkanberk/Desktop/crypto_wallet/src/services/walletService.js": {"path":"/Users/berkanberk/Desktop/crypto_wallet/src/services/walletService.js","statementMap":{"0":{"start":{"line":1,"column":20},"end":{"line":1,"column":51}},"1":{"start":{"line":2,"column":15},"end":{"line":2,"column":41}},"2":{"start":{"line":3,"column":32},"end":{"line":3,"column":62}},"3":{"start":{"line":8,"column":4},"end":{"line":13,"column":6}},"4":{"start":{"line":9,"column":6},"end":{"line":12,"column":8}},"5":{"start":{"line":22,"column":4},"end":{"line":40,"column":5}},"6":{"start":{"line":23,"column":40},"end":{"line":23,"column":62}},"7":{"start":{"line":25,"column":25},"end":{"line":31,"column":7}},"8":{"start":{"line":33,"column":6},"end":{"line":33,"column":91}},"9":{"start":{"line":34,"column":6},"end":{"line":34,"column":58}},"10":{"start":{"line":36,"column":6},"end":{"line":36,"column":24}},"11":{"start":{"line":38,"column":6},"end":{"line":38,"column":83}},"12":{"start":{"line":39,"column":6},"end":{"line":39,"column":18}},"13":{"start":{"line":49,"column":4},"end":{"line":55,"column":5}},"14":{"start":{"line":50,"column":27},"end":{"line":50,"column":83}},"15":{"start":{"line":51,"column":6},"end":{"line":51,"column":60}},"16":{"start":{"line":53,"column":6},"end":{"line":53,"column":85}},"17":{"start":{"line":54,"column":6},"end":{"line":54,"column":18}},"18":{"start":{"line":64,"column":4},"end":{"line":70,"column":5}},"19":{"start":{"line":65,"column":6},"end":{"line":65,"column":92}},"20":{"start":{"line":66,"column":6},"end":{"line":66,"column":58}},"21":{"start":{"line":68,"column":6},"end":{"line":68,"column":83}},"22":{"start":{"line":69,"column":6},"end":{"line":69,"column":18}},"23":{"start":{"line":74,"column":0},"end":{"line":74,"column":31}}},"fnMap":{"0":{"name":"(anonymous_0)","decl":{"start":{"line":6,"column":2},"end":{"line":6,"column":3}},"loc":{"start":{"line":6,"column":16},"end":{"line":14,"column":3}},"line":6},"1":{"name":"(anonymous_1)","decl":{"start":{"line":8,"column":27},"end":{"line":8,"column":28}},"loc":{"start":{"line":8,"column":33},"end":{"line":13,"column":5}},"line":8},"2":{"name":"(anonymous_2)","decl":{"start":{"line":21,"column":2},"end":{"line":21,"column":3}},"loc":{"start":{"line":21,"column":29},"end":{"line":41,"column":3}},"line":21},"3":{"name":"(anonymous_3)","decl":{"start":{"line":48,"column":2},"end":{"line":48,"column":3}},"loc":{"start":{"line":48,"column":26},"end":{"line":56,"column":3}},"line":48},"4":{"name":"(anonymous_4)","decl":{"start":{"line":63,"column":2},"end":{"line":63,"column":3}},"loc":{"start":{"line":63,"column":42},"end":{"line":71,"column":3}},"line":63}},"branchMap":{"0":{"loc":{"start":{"line":51,"column":13},"end":{"line":51,"column":59}},"type":"cond-expr","locations":[{"start":{"line":51,"column":28},"end":{"line":51,"column":52}},{"start":{"line":51,"column":55},"end":{"line":51,"column":59}}],"line":51}},"s":{"0":2,"1":2,"2":2,"3":3,"4":3,"5":3,"6":3,"7":3,"8":3,"9":3,"10":3,"11":0,"12":0,"13":8,"14":8,"15":8,"16":0,"17":0,"18":3,"19":3,"20":3,"21":0,"22":0,"23":2},"f":{"0":3,"1":3,"2":3,"3":8,"4":3},"b":{"0":[8,0]},"_coverageSchema":"1a1c01bbd47fc00a2c39e90264f33305004495a9","hash":"aff78e0ad57170f438d03a366b2612d66ee01722"}
,"/Users/berkanberk/Desktop/crypto_wallet/src/utils/logger.js": {"path":"/Users/berkanberk/Desktop/crypto_wallet/src/utils/logger.js","statementMap":{"0":{"start":{"line":1,"column":45},"end":{"line":1,"column":63}},"1":{"start":{"line":3,"column":15},"end":{"line":14,"column":2}},"2":{"start":{"line":8,"column":6},"end":{"line":8,"column":65}},"3":{"start":{"line":16,"column":0},"end":{"line":16,"column":24}}},"fnMap":{"0":{"name":"(anonymous_0)","decl":{"start":{"line":7,"column":18},"end":{"line":7,"column":19}},"loc":{"start":{"line":7,"column":53},"end":{"line":9,"column":5}},"line":7}},"branchMap":{},"s":{"0":2,"1":2,"2":8,"3":2},"f":{"0":8},"b":{},"_coverageSchema":"1a1c01bbd47fc00a2c39e90264f33305004495a9","hash":"dfdab63b697167981d9b12037c4a07b6a0d7c20b"}
,"/Users/berkanberk/Desktop/crypto_wallet/src/utils/redisClient.js": {"path":"/Users/berkanberk/Desktop/crypto_wallet/src/utils/redisClient.js","statementMap":{"0":{"start":{"line":1,"column":14},"end":{"line":1,"column":92}},"1":{"start":{"line":2,"column":20},"end":{"line":2,"column":31}},"2":{"start":{"line":4,"column":0},"end":{"line":4,"column":81}},"3":{"start":{"line":4,"column":32},"end":{"line":4,"column":79}},"4":{"start":{"line":5,"column":0},"end":{"line":5,"column":80}},"5":{"start":{"line":5,"column":33},"end":{"line":5,"column":78}},"6":{"start":{"line":7,"column":0},"end":{"line":7,"column":29}}},"fnMap":{"0":{"name":"(anonymous_0)","decl":{"start":{"line":4,"column":26},"end":{"line":4,"column":27}},"loc":{"start":{"line":4,"column":32},"end":{"line":4,"column":79}},"line":4},"1":{"name":"(anonymous_1)","decl":{"start":{"line":5,"column":24},"end":{"line":5,"column":25}},"loc":{"start":{"line":5,"column":33},"end":{"line":5,"column":78}},"line":5}},"branchMap":{"0":{"loc":{"start":{"line":1,"column":14},"end":{"line":1,"column":92}},"type":"cond-expr","locations":[{"start":{"line":1,"column":48},"end":{"line":1,"column":71}},{"start":{"line":1,"column":74},"end":{"line":1,"column":92}}],"line":1}},"s":{"0":2,"1":2,"2":2,"3":0,"4":2,"5":0,"6":2},"f":{"0":0,"1":0},"b":{"0":[2,0]},"_coverageSchema":"1a1c01bbd47fc00a2c39e90264f33305004495a9","hash":"65718f9eced0788784c10559d09c3a16b2ed05b0"}
}
