TN:
SF:src/config/constants.js
FNF:0
FNH:0
DA:1,2
LF:1
LH:1
BRF:0
BRH:0
end_of_record
TN:
SF:src/services/alertService.js
FN:9,(anonymous_0)
FN:23,(anonymous_1)
FNF:2
FNH:2
FNDA:1,(anonymous_0)
FNDA:1,(anonymous_1)
DA:1,1
DA:2,1
DA:10,1
DA:11,0
DA:13,0
DA:15,1
DA:24,1
DA:25,0
DA:27,0
DA:29,1
DA:33,1
LF:11
LH:7
BRDA:10,0,0,0
BRDA:10,0,1,1
BRDA:24,1,0,0
BRDA:24,1,1,1
BRF:4
BRH:2
end_of_record
TN:
SF:src/services/blockchainService.js
FN:4,(anonymous_0)
FN:13,(anonymous_1)
FN:33,(anonymous_2)
FNF:3
FNH:3
FNDA:5,(anonymous_0)
FNDA:5,(anonymous_1)
FNDA:6,(anonymous_2)
DA:1,2
DA:5,5
DA:14,5
DA:15,5
DA:16,5
DA:17,3
DA:18,2
DA:19,2
DA:21,1
DA:23,0
DA:24,0
DA:34,6
DA:35,6
DA:36,3
DA:38,1
DA:39,1
DA:44,2
LF:17
LH:15
BRDA:17,0,0,2
BRDA:17,0,1,1
BRF:2
BRH:2
end_of_record
TN:
SF:src/services/transactionService.js
FN:7,(anonymous_0)
FN:18,(anonymous_1)
FNF:2
FNH:2
FNDA:1,(anonymous_0)
FNDA:2,(anonymous_1)
DA:1,1
DA:2,1
DA:3,1
DA:4,1
DA:8,1
DA:9,1
DA:10,1
DA:19,2
DA:20,2
DA:23,2
DA:24,2
DA:25,0
DA:26,0
DA:30,2
DA:31,2
DA:33,2
DA:34,0
DA:35,0
DA:39,2
DA:40,1
DA:41,1
DA:45,1
DA:46,1
DA:49,1
DA:50,1
DA:57,1
DA:58,1
DA:61,1
DA:62,1
DA:65,1
DA:66,1
DA:68,1
DA:71,1
DA:73,0
DA:74,0
DA:79,1
LF:36
LH:30
BRDA:24,0,0,0
BRDA:24,0,1,2
BRDA:33,1,0,0
BRDA:33,1,1,2
BRDA:33,2,0,2
BRDA:33,2,1,2
BRDA:39,3,0,1
BRDA:39,3,1,1
BRF:8
BRH:6
end_of_record
TN:
SF:src/services/walletService.js
FN:6,(anonymous_0)
FN:8,(anonymous_1)
FN:21,(anonymous_2)
FN:48,(anonymous_3)
FN:63,(anonymous_4)
FNF:5
FNH:5
FNDA:3,(anonymous_0)
FNDA:3,(anonymous_1)
FNDA:3,(anonymous_2)
FNDA:8,(anonymous_3)
FNDA:3,(anonymous_4)
DA:1,2
DA:2,2
DA:3,2
DA:8,3
DA:9,3
DA:22,3
DA:23,3
DA:25,3
DA:33,3
DA:34,3
DA:36,3
DA:38,0
DA:39,0
DA:49,8
DA:50,8
DA:51,8
DA:53,0
DA:54,0
DA:64,3
DA:65,3
DA:66,3
DA:68,0
DA:69,0
DA:74,2
LF:24
LH:18
BRDA:51,0,0,8
BRDA:51,0,1,0
BRF:2
BRH:1
end_of_record
TN:
SF:src/utils/logger.js
FN:7,(anonymous_0)
FNF:1
FNH:1
FNDA:8,(anonymous_0)
DA:1,2
DA:3,2
DA:8,8
DA:16,2
LF:4
LH:4
BRF:0
BRH:0
end_of_record
TN:
SF:src/utils/redisClient.js
FN:4,(anonymous_0)
FN:5,(anonymous_1)
FNF:2
FNH:0
FNDA:0,(anonymous_0)
FNDA:0,(anonymous_1)
DA:1,2
DA:2,2
DA:4,2
DA:5,2
DA:7,2
LF:5
LH:5
BRDA:1,0,0,2
BRDA:1,0,1,0
BRF:2
BRH:1
end_of_record
